APPLICATION	CarMaker 8.1.1 - Car_Generic #1 (win64-8.1.1)
COMPILED	caleb@dfcd05236 2020-09-07 17:31:52
SIM_START	unknown	2020-09-07 17:34:15
TIME	0.001
ERROR		Tire: Can't read file 'Data/Tire/Examples/FS_195_50R13': No such file or directory
ERROR		Tire: Can't read file 'Data/Tire/Examples/FS_205_50R13': No such file or directory
WARNING		PowerTrain OpenXWD: No selected PowerTrainXWD model; calculation using DVA is possible, but without 'integration substepping'
ERROR		No entry 'PowerTrain.DL.DriveSourcePos', file 'C:/IPG/carmaker/win64-8.1.1/Data/Vehicle/Examples/Examples_FS/FSX_OpenXWD'
ERROR		CM_Main.c: Initialization failed (CM_Main_Begin()=-3)
SIM_ABORT	unknown	0s	0m
APPLICATION	CarMaker 8.1.1 - Car_Generic #1 (win64-8.1.1)
COMPILED	caleb@dfcd05236 2020-09-07 17:31:52
SIM_START	unknown	2020-09-07 17:34:33
TIME	0.001
ERROR		Tire: Can't read file 'Data/Tire/Examples/FS_195_50R13': No such file or directory
ERROR		Tire: Can't read file 'Data/Tire/Examples/FS_205_50R13': No such file or directory
ERROR		No entry 'PowerTrain.DL.DriveSourcePos', file 'C:/CM_Projects/LaunchControl/Data/Vehicle/.tmp_dfcd05236_caleb.0'
ERROR		CM_Main.c: Initialization failed (CM_Main_Begin()=-3)
SIM_ABORT	unknown	0s	0m
APPLICATION	CarMaker 8.1.1 - Car_Generic #1 (win64-8.1.1)
COMPILED	caleb@dfcd05236 2020-09-07 17:31:52
SIM_START	unknown	2020-09-07 17:35:56
TIME	0.001
ERROR		No entry 'PowerTrain.DL.DriveSourcePos', file 'C:/CM_Projects/LaunchControl/Data/Vehicle/.tmp_dfcd05236_caleb.1'
ERROR		CM_Main.c: Initialization failed (CM_Main_Begin()=-3)
SIM_ABORT	unknown	0s	0m
APPLICATION	CarMaker 8.1.1 - Car_Generic #1 (win64-8.1.1)
COMPILED	caleb@dfcd05236 2020-09-07 17:31:52
SIM_START	unknown	2020-09-07 17:36:40
TIME	0.000
SIMULATE	unknown

TIME	92.332
SIM_END		unknown	92.328s	565.649m
