APPLICATION	CarMaker 8.1.1 - Car_Generic #137 (win64-8.1.1)
COMPILED	caleb@dfcd05236 2020-10-06 12:07:55
SIM_START	runOffRoad_CalebLaunchTest	2020-10-10 11:08:42
TIME	0.001
ERROR		Tire: Can't read file 'Data/Tire/Examples/FS_195_50R13': No such file or directory
ERROR		Tire: Can't read file 'Data/Tire/Examples/FS_205_50R13': No such file or directory
WARNING		PowerTrain OpenXWD: No selected PowerTrainXWD model; calculation using DVA is possible, but without 'integration substepping'
ERROR		No entry 'PowerTrain.DL.DriveSourcePos', file 'C:/IPG/carmaker/win64-8.1.1/Data/Vehicle/Examples/Examples_FS/FSX_OpenXWD'
ERROR		CM_Main.c: Initialization failed (CM_Main_Begin()=-3)
SIM_ABORT	runOffRoad_CalebLaunchTest	0s	0m
APPLICATION	CarMaker 8.1.1 - Car_Generic #137 (win64-8.1.1)
COMPILED	caleb@dfcd05236 2020-10-06 12:07:55
SIM_START	runOffRoad_CalebLaunchTest	2020-10-10 11:09:40
TIME	0.001
WARNING		PowerTrain OpenXWD: No selected PowerTrainXWD model; calculation using DVA is possible, but without 'integration substepping'
ERROR		No entry 'PowerTrain.DL.DriveSourcePos', file 'C:/CM_Projects/LaunchControl/Data/Vehicle/.tmp_dfcd05236_caleb.1'
ERROR		CM_Main.c: Initialization failed (CM_Main_Begin()=-3)
SIM_ABORT	runOffRoad_CalebLaunchTest	0s	0m
APPLICATION	CarMaker 8.1.1 - Car_Generic #137 (win64-8.1.1)
COMPILED	caleb@dfcd05236 2020-10-06 12:07:55
SIM_START	runOffRoad_CalebLaunchTest	2020-10-10 11:09:55
TIME	0.001
ERROR		No entry 'PowerTrain.DL.DriveSourcePos', file 'C:/CM_Projects/LaunchControl/Data/Vehicle/.tmp_dfcd05236_caleb.0'
ERROR		CM_Main.c: Initialization failed (CM_Main_Begin()=-3)
SIM_ABORT	runOffRoad_CalebLaunchTest	0s	0m
APPLICATION	CarMaker 8.1.1 - Car_Generic #137 (win64-8.1.1)
COMPILED	caleb@dfcd05236 2020-10-06 12:07:55
SIM_START	runOffRoad_CalebLaunchTest	2020-10-10 11:10:23
TIME	0.001
ERROR		˜T: PowerTrain.DL.DriveSourcePos = NoPosition  is not a valid Drive Source Position. Following kinds are supported: NoPosition, Center, Front, Rear, FL, FR, RL, RR
ERROR		CM_Main.c: Initialization failed (CM_Main_Begin()=-3)
SIM_ABORT	runOffRoad_CalebLaunchTest	0s	0m
APPLICATION	CarMaker 8.1.1 - Car_Generic #137 (win64-8.1.1)
COMPILED	caleb@dfcd05236 2020-10-06 12:07:55
SIM_START	runOffRoad_CalebLaunchTest	2020-10-10 11:10:48
TIME	0.000
SIMULATE	runOffRoad_CalebLaunchTest

TIME	4.757
		Acceleration Time = 4.756 seconds
TIME	17.378
ERROR		Vehicle leaves road at about x=-420.745, y=-103.702 TireNo=1
SIM_ABORT	runOffRoad_CalebLaunchTest	17.38s	544.422m
