APPLICATION	CarMaker 8.1.1 - Car_Generic #214 (win64-8.1.1)
COMPILED	caleb@dfcd05236 2020-10-21 14:33:46
SIM_START	runOffRoad_CalebLaunchTest	2020-10-21 14:35:26
TIME	0.001
ERROR		Tire: Can't read file 'Data/Tire/Examples/FS_195_50R13': No such file or directory
ERROR		Tire: Can't read file 'Data/Tire/Examples/FS_205_50R13': No such file or directory
WARNING		PowerTrain OpenXWD: No selected PowerTrainXWD model; calculation using DVA is possible, but without 'integration substepping'
ERROR		No entry 'PowerTrain.DL.DriveSourcePos', file 'C:/IPG/carmaker/win64-8.1.1/Data/Vehicle/Examples/Examples_FS/FSX_OpenXWD'
ERROR		CM_Main.c: Initialization failed (CM_Main_Begin()=-3)
SIM_ABORT	runOffRoad_CalebLaunchTest	0s	0m
APPLICATION	CarMaker 8.1.1 - Car_Generic #214 (win64-8.1.1)
COMPILED	caleb@dfcd05236 2020-10-21 14:33:46
SIM_START	runOffRoad_CalebLaunchTest	2020-10-21 14:36:24
TIME	0.000
SIMULATE	runOffRoad_CalebLaunchTest

TIME	142.367
SIM_END		runOffRoad_CalebLaunchTest	142.363s	3118.8m
APPLICATION	CarMaker 8.1.1 - Car_Generic #214 (win64-8.1.1)
COMPILED	caleb@dfcd05236 2020-10-21 14:33:46
SIM_START	runOffRoad_CalebLaunchTest	2020-10-21 14:39:33
TIME	0.000
SIMULATE	runOffRoad_CalebLaunchTest

TIME	4.337
		Acceleration Time = 4.336 seconds
SIM_END		runOffRoad_CalebLaunchTest	4.524s	80.0624m
APPLICATION	CarMaker 8.1.1 - Car_Generic #215 (win64-8.1.1)
COMPILED	caleb@dfcd05236 2020-10-21 14:48:50
SIM_START	runOffRoad_CalebLaunchTest	2020-10-21 14:48:56
TIME	0.000
SIMULATE	runOffRoad_CalebLaunchTest

TIME	4.113
		Acceleration Time = 4.112 seconds
SIM_END		runOffRoad_CalebLaunchTest	4.298s	80.0708m
APPLICATION	CarMaker 8.1.1 - Car_Generic #216 (win64-8.1.1)
COMPILED	caleb@dfcd05236 2020-10-21 14:49:20
SIM_START	runOffRoad_CalebLaunchTest	2020-10-21 14:49:29
TIME	0.000
SIMULATE	runOffRoad_CalebLaunchTest

TIME	4.746
		Acceleration Time = 4.745 seconds
SIM_END		runOffRoad_CalebLaunchTest	4.975s	80.0386m
APPLICATION	CarMaker 8.1.1 - Car_Generic #217 (win64-8.1.1)
COMPILED	caleb@dfcd05236 2020-10-21 14:50:16
SIM_START	runOffRoad_CalebLaunchTest	2020-10-21 14:50:26
TIME	0.000
SIMULATE	runOffRoad_CalebLaunchTest

TIME	4.113
		Acceleration Time = 4.112 seconds
SIM_END		runOffRoad_CalebLaunchTest	4.298s	80.0708m
APPLICATION	CarMaker 8.1.1 - Car_Generic #219 (win64-8.1.1)
COMPILED	caleb@dfcd05236 2020-10-21 14:54:36
SIM_START	runOffRoad_CalebLaunchTest	2020-10-21 14:54:42
TIME	0.000
SIMULATE	runOffRoad_CalebLaunchTest

TIME	3.833
		Acceleration Time = 3.832 seconds
SIM_END		runOffRoad_CalebLaunchTest	3.992s	80.065m
APPLICATION	CarMaker 8.1.1 - Car_Generic #219 (win64-8.1.1)
COMPILED	caleb@dfcd05236 2020-10-21 14:54:36
SIM_START	runOffRoad_CalebLaunchTest	2020-10-21 14:55:10
TIME	0.000
SIMULATE	runOffRoad_CalebLaunchTest

TIME	3.833
		Acceleration Time = 3.832 seconds
SIM_END		runOffRoad_CalebLaunchTest	3.992s	80.065m
APPLICATION	CarMaker 8.1.1 - Car_Generic #219 (win64-8.1.1)
COMPILED	caleb@dfcd05236 2020-10-21 14:54:36
SIM_START	runOffRoad_CalebLaunchTest	2020-10-21 14:55:49
TIME	0.000
SIMULATE	runOffRoad_CalebLaunchTest

TIME	3.833
		Acceleration Time = 3.832 seconds
SIM_END		runOffRoad_CalebLaunchTest	3.992s	80.065m
APPLICATION	CarMaker 8.1.1 - Car_Generic #220 (win64-8.1.1)
COMPILED	caleb@dfcd05236 2020-10-21 14:57:26
SIM_START	runOffRoad_CalebLaunchTest	2020-10-21 14:57:36
TIME	0.000
SIMULATE	runOffRoad_CalebLaunchTest

TIME	4.337
		Acceleration Time = 4.336 seconds
SIM_END		runOffRoad_CalebLaunchTest	4.524s	80.0624m
APPLICATION	CarMaker 8.1.1 - Car_Generic #220 (win64-8.1.1)
COMPILED	caleb@dfcd05236 2020-10-21 14:57:26
SIM_START	runOffRoad_CalebLaunchTest	2020-10-21 14:59:10
TIME	0.000
SIMULATE	runOffRoad_CalebLaunchTest

TIME	4.337
		Acceleration Time = 4.336 seconds
SIM_END		runOffRoad_CalebLaunchTest	4.524s	80.0624m
APPLICATION	CarMaker 8.1.1 - Car_Generic #221 (win64-8.1.1)
COMPILED	caleb@dfcd05236 2020-10-21 15:00:20
SIM_START	runOffRoad_CalebLaunchTest	2020-10-21 15:00:25
TIME	0.000
SIMULATE	runOffRoad_CalebLaunchTest

TIME	3.833
		Acceleration Time = 3.832 seconds
SIM_END		runOffRoad_CalebLaunchTest	3.992s	80.065m
APPLICATION	CarMaker 8.1.1 - Car_Generic #222 (win64-8.1.1)
COMPILED	caleb@dfcd05236 2020-10-21 15:50:21
SIM_START	runOffRoad_CalebLaunchTest	2020-10-21 15:50:30
TIME	0.000
SIMULATE	runOffRoad_CalebLaunchTest

TIME	4.113
		Acceleration Time = 4.112 seconds
SIM_END		runOffRoad_CalebLaunchTest	4.298s	80.0708m
APPLICATION	CarMaker 8.1.1 - Car_Generic #222 (win64-8.1.1)
COMPILED	caleb@dfcd05236 2020-10-21 15:50:21
SIM_START	runOffRoad_CalebLaunchTest	2020-10-21 15:52:38
TIME	0.000
SIMULATE	runOffRoad_CalebLaunchTest

TIME	4.113
		Acceleration Time = 4.112 seconds
SIM_END		runOffRoad_CalebLaunchTest	4.298s	80.0708m
APPLICATION	CarMaker 8.1.1 - Car_Generic #222 (win64-8.1.1)
COMPILED	caleb@dfcd05236 2020-10-21 15:50:21
SIM_START	runOffRoad_CalebLaunchTest	2020-10-21 15:52:56
TIME	0.000
SIMULATE	runOffRoad_CalebLaunchTest

TIME	4.113
		Acceleration Time = 4.112 seconds
SIM_END		runOffRoad_CalebLaunchTest	4.298s	80.0708m
APPLICATION	CarMaker 8.1.1 - Car_Generic #223 (win64-8.1.1)
COMPILED	caleb@dfcd05236 2020-10-21 15:53:15
SIM_START	runOffRoad_CalebLaunchTest	2020-10-21 15:53:25
TIME	0.000
SIMULATE	runOffRoad_CalebLaunchTest

TIME	4.337
		Acceleration Time = 4.336 seconds
SIM_END		runOffRoad_CalebLaunchTest	4.524s	80.0624m
APPLICATION	CarMaker 8.1.1 - Car_Generic #223 (win64-8.1.1)
COMPILED	caleb@dfcd05236 2020-10-21 15:53:15
SIM_START	runOffRoad_CalebLaunchTest	2020-10-21 15:54:59
TIME	0.000
SIMULATE	runOffRoad_CalebLaunchTest

TIME	4.337
		Acceleration Time = 4.336 seconds
SIM_END		runOffRoad_CalebLaunchTest	4.524s	80.0624m
APPLICATION	CarMaker 8.1.1 - Car_Generic #224 (win64-8.1.1)
COMPILED	caleb@dfcd05236 2020-10-21 15:58:28
SIM_START	runOffRoad_CalebLaunchTest	2020-10-21 15:58:37
TIME	0.000
SIMULATE	runOffRoad_CalebLaunchTest

TIME	4.337
		Acceleration Time = 4.336 seconds
SIM_END		runOffRoad_CalebLaunchTest	4.524s	80.0624m
APPLICATION	CarMaker 8.1.1 - Car_Generic #225 (win64-8.1.1)
COMPILED	caleb@dfcd05236 2020-10-21 16:00:46
SIM_START	runOffRoad_CalebLaunchTest	2020-10-21 16:00:50
TIME	0.000
SIMULATE	runOffRoad_CalebLaunchTest

TIME	4.318
		Acceleration Time = 4.317 seconds
SIM_END		runOffRoad_CalebLaunchTest	4.506s	80.0766m
APPLICATION	CarMaker 8.1.1 - Car_Generic #226 (win64-8.1.1)
COMPILED	caleb@dfcd05236 2020-10-21 16:03:07
SIM_START	runOffRoad_CalebLaunchTest	2020-10-21 16:03:10
TIME	0.000
SIMULATE	runOffRoad_CalebLaunchTest

TIME	4.318
		Acceleration Time = 4.317 seconds
SIM_END		runOffRoad_CalebLaunchTest	4.506s	80.0766m
APPLICATION	CarMaker 8.1.1 - Car_Generic #226 (win64-8.1.1)
COMPILED	caleb@dfcd05236 2020-10-21 16:03:07
SIM_START	runOffRoad_CalebLaunchTest	2020-10-21 16:03:27
TIME	0.000
SIMULATE	runOffRoad_CalebLaunchTest

TIME	4.318
		Acceleration Time = 4.317 seconds
SIM_END		runOffRoad_CalebLaunchTest	4.506s	80.0766m
APPLICATION	CarMaker 8.1.1 - Car_Generic #227 (win64-8.1.1)
COMPILED	caleb@dfcd05236 2020-10-21 16:05:13
SIM_START	runOffRoad_CalebLaunchTest	2020-10-21 16:05:26
TIME	0.000
SIMULATE	runOffRoad_CalebLaunchTest

TIME	58.201
SIM_END		runOffRoad_CalebLaunchTest	58.197s	4.49544m
APPLICATION	CarMaker 8.1.1 - Car_Generic #228 (win64-8.1.1)
COMPILED	caleb@dfcd05236 2020-10-21 16:11:33
SIM_START	runOffRoad_CalebLaunchTest	2020-10-21 16:11:42
TIME	0.000
SIMULATE	runOffRoad_CalebLaunchTest

TIME	42.476
SIM_END		runOffRoad_CalebLaunchTest	42.472s	3.18494m
APPLICATION	CarMaker 8.1.1 - Car_Generic #228 (win64-8.1.1)
COMPILED	caleb@dfcd05236 2020-10-21 16:11:33
SIM_START	runOffRoad_CalebLaunchTest	2020-10-21 16:13:33
TIME	0.000
SIMULATE	runOffRoad_CalebLaunchTest

TIME	98.746
SIM_END		runOffRoad_CalebLaunchTest	98.742s	6.79004m
APPLICATION	CarMaker 8.1.1 - Car_Generic #228 (win64-8.1.1)
COMPILED	caleb@dfcd05236 2020-10-21 16:11:33
SIM_START	runOffRoad_CalebLaunchTest	2020-10-21 16:15:58
TIME	0.000
SIMULATE	runOffRoad_CalebLaunchTest

TIME	11.928
SIM_END		runOffRoad_CalebLaunchTest	11.924s	1.18976m
APPLICATION	CarMaker 8.1.1 - Car_Generic #228 (win64-8.1.1)
COMPILED	caleb@dfcd05236 2020-10-21 16:11:33
SIM_START	runOffRoad_CalebLaunchTest	2020-10-21 16:16:27
TIME	0.000
SIMULATE	runOffRoad_CalebLaunchTest

TIME	11.147
SIM_END		runOffRoad_CalebLaunchTest	11.143s	1.14875m
APPLICATION	CarMaker 8.1.1 - Car_Generic #229 (win64-8.1.1)
COMPILED	caleb@dfcd05236 2020-10-21 16:17:26
SIM_START	runOffRoad_CalebLaunchTest	2020-10-21 16:17:33
TIME	0.000
SIMULATE	runOffRoad_CalebLaunchTest

TIME	6.103
		Acceleration Time = 6.102 seconds
SIM_END		runOffRoad_CalebLaunchTest	6.436s	80.0258m
APPLICATION	CarMaker 8.1.1 - Car_Generic #229 (win64-8.1.1)
COMPILED	caleb@dfcd05236 2020-10-21 16:17:26
SIM_START	runOffRoad_CalebLaunchTest	2020-10-21 16:18:19
TIME	0.000
SIMULATE	runOffRoad_CalebLaunchTest

TIME	6.103
		Acceleration Time = 6.102 seconds
SIM_END		runOffRoad_CalebLaunchTest	6.436s	80.0258m
APPLICATION	CarMaker 8.1.1 - Car_Generic #230 (win64-8.1.1)
COMPILED	caleb@dfcd05236 2020-10-21 16:21:22
SIM_START	runOffRoad_CalebLaunchTest	2020-10-21 16:21:29
TIME	0.000
SIMULATE	runOffRoad_CalebLaunchTest

TIME	6.103
		Acceleration Time = 6.102 seconds
SIM_END		runOffRoad_CalebLaunchTest	6.436s	80.0258m
APPLICATION	CarMaker 8.1.1 - Car_Generic #230 (win64-8.1.1)
COMPILED	caleb@dfcd05236 2020-10-21 16:21:22
SIM_START	runOffRoad_CalebLaunchTest	2020-10-21 16:21:44
TIME	0.000
SIMULATE	runOffRoad_CalebLaunchTest

TIME	6.103
		Acceleration Time = 6.102 seconds
SIM_END		runOffRoad_CalebLaunchTest	6.436s	80.0258m
APPLICATION	CarMaker 8.1.1 - Car_Generic #231 (win64-8.1.1)
COMPILED	caleb@dfcd05236 2020-10-21 16:22:59
SIM_START	runOffRoad_CalebLaunchTest	2020-10-21 16:23:04
TIME	0.000
SIMULATE	runOffRoad_CalebLaunchTest

TIME	6.103
		Acceleration Time = 6.102 seconds
SIM_END		runOffRoad_CalebLaunchTest	6.436s	80.0258m
APPLICATION	CarMaker 8.1.1 - Car_Generic #231 (win64-8.1.1)
COMPILED	caleb@dfcd05236 2020-10-21 16:22:59
SIM_START	runOffRoad_CalebLaunchTest	2020-10-21 16:23:18
TIME	0.000
SIMULATE	runOffRoad_CalebLaunchTest

TIME	6.103
		Acceleration Time = 6.102 seconds
SIM_END		runOffRoad_CalebLaunchTest	6.436s	80.0258m
APPLICATION	CarMaker 8.1.1 - Car_Generic #232 (win64-8.1.1)
COMPILED	caleb@dfcd05236 2020-10-21 16:38:26
SIM_START	runOffRoad_CalebLaunchTest	2020-10-21 16:38:39
TIME	0.000
SIMULATE	runOffRoad_CalebLaunchTest

TIME	2.057
ERROR		Wheelspeed too high of tire 0: +3671.550
ERROR		Wheelspeed too high of tire 1: +3631.390
SIM_ABORT	runOffRoad_CalebLaunchTest	2.059s	12.4889m
