APPLICATION	CarMaker 8.1.1 - Car_Generic #52 (win64-8.1.1)
COMPILED	caleb@dfcd05236 2020-09-21 16:14:54
SIM_START	Hockenheim500_CalebLaunchTest	2020-09-28 09:34:28
TIME	0.001
ERROR		Tire: Can't read file 'Data/Tire/Examples/FS_195_50R13': No such file or directory
ERROR		Tire: Can't read file 'Data/Tire/Examples/FS_205_50R13': No such file or directory
WARNING		PowerTrain OpenXWD: No selected PowerTrainXWD model; calculation using DVA is possible, but without 'integration substepping'
ERROR		No entry 'PowerTrain.DL.DriveSourcePos', file 'C:/IPG/carmaker/win64-8.1.1/Data/Vehicle/Examples/Examples_FS/FSX_OpenXWD'
ERROR		CM_Main.c: Initialization failed (CM_Main_Begin()=-3)
SIM_ABORT	Hockenheim500_CalebLaunchTest	0s	0m
APPLICATION	CarMaker 8.1.1 - Car_Generic #52 (win64-8.1.1)
COMPILED	caleb@dfcd05236 2020-09-21 16:14:54
SIM_START	Hockenheim500_CalebLaunchTest	2020-09-28 09:36:00
TIME	0.000
SIMULATE	Hockenheim500_CalebLaunchTest

TIME	22.618
SIM_END		Hockenheim500_CalebLaunchTest	22.614s	426.776m
APPLICATION	CarMaker 8.1.1 - Car_Generic #52 (win64-8.1.1)
COMPILED	caleb@dfcd05236 2020-09-21 16:14:54
SIM_START	Hockenheim500_CalebLaunchTest	2020-09-28 09:36:52
TIME	0.000
SIMULATE	Hockenheim500_CalebLaunchTest

TIME	4.902
SIM_END		Hockenheim500_CalebLaunchTest	4.898s	48.6918m
APPLICATION	CarMaker 8.1.1 - Car_Generic #52 (win64-8.1.1)
COMPILED	caleb@dfcd05236 2020-09-21 16:14:54
SIM_START	Hockenheim500_CalebLaunchTest	2020-09-28 09:39:16
TIME	0.000
SIMULATE	Hockenheim500_CalebLaunchTest

TIME	3.759
		Acceleration Time = 3.758 seconds
SIM_END		Hockenheim500_CalebLaunchTest	4.58s	80.0829m
APPLICATION	CarMaker 8.1.1 - Car_Generic #52 (win64-8.1.1)
COMPILED	caleb@dfcd05236 2020-09-21 16:14:54
SIM_START	Hockenheim500_CalebLaunchTest	2020-09-28 09:39:34
TIME	0.000
SIMULATE	Hockenheim500_CalebLaunchTest

TIME	3.759
		Acceleration Time = 3.758 seconds
SIM_END		Hockenheim500_CalebLaunchTest	4.58s	80.0829m
APPLICATION	CarMaker 8.1.1 - Car_Generic #52 (win64-8.1.1)
COMPILED	caleb@dfcd05236 2020-09-21 16:14:54
SIM_START	Hockenheim500_CalebLaunchTest	2020-09-28 09:39:59
TIME	0.000
SIMULATE	Hockenheim500_CalebLaunchTest

TIME	8.129
		Acceleration time = 8.128 seconds
SIM_END		Hockenheim500_CalebLaunchTest	8.482s	80.0323m
